{
  message: 'Database connect successully',
  level: 'info',
  label: 'PH',
  timestamp: '2023-06-04T07:01:14.654Z'
}
{
  message: 'Example app listening on port 5000',
  level: 'info',
  label: 'PH',
  timestamp: '2023-06-04T07:01:14.665Z'
}
{
  message: 'Database connect successully',
  level: 'info',
  label: 'PH',
  timestamp: '2023-06-04T07:01:27.251Z'
}
{
  message: 'Example app listening on port 5000',
  level: 'info',
  label: 'PH',
  timestamp: '2023-06-04T07:01:27.264Z'
}
{
  message: 'Database connect successully',
  level: 'info',
  label: 'PH',
  timestamp: '2023-06-04T07:33:44.318Z'
}
{
  message: 'Example app listening on port 5000',
  level: 'info',
  label: 'PH',
  timestamp: '2023-06-04T07:33:44.328Z'
}
