{
  message: 'Database connect successully',
  level: 'info',
  label: 'PH',
  timestamp: '2023-06-04T03:49:35.918Z'
}
{
  message: 'Example app listening on port 5000',
  level: 'info',
  label: 'PH',
  timestamp: '2023-06-04T03:49:35.945Z'
}
{
  message: 'Database connect successully',
  level: 'info',
  label: 'PH',
  timestamp: '2023-06-04T03:54:19.371Z'
}
{
  message: 'Example app listening on port 5000',
  level: 'info',
  label: 'PH',
  timestamp: '2023-06-04T03:54:19.381Z'
}
{
  message: 'Database connect successully',
  level: 'info',
  label: 'PH',
  timestamp: '2023-06-04T03:55:00.590Z'
}
{
  message: 'Example app listening on port 5000',
  level: 'info',
  label: 'PH',
  timestamp: '2023-06-04T03:55:00.599Z'
}
{
  message: 'Database connect successully',
  level: 'info',
  label: 'PH',
  timestamp: '2023-06-04T03:58:47.583Z'
}
{
  message: 'Example app listening on port 5000',
  level: 'info',
  label: 'PH',
  timestamp: '2023-06-04T03:58:47.595Z'
}
{
  message: 'Database connect successully',
  level: 'info',
  label: 'PH',
  timestamp: '2023-06-04T03:59:02.814Z'
}
{
  message: 'Example app listening on port 5000',
  level: 'info',
  label: 'PH',
  timestamp: '2023-06-04T03:59:02.831Z'
}
