{
  message: 'Database connect successully',
  level: 'info',
  label: 'PH',
  timestamp: '2023-06-04T05:09:27.140Z'
}
{
  message: 'Example app listening on port 5000',
  level: 'info',
  label: 'PH',
  timestamp: '2023-06-04T05:09:27.151Z'
}
{
  message: 'Database connect successully',
  level: 'info',
  label: 'PH',
  timestamp: '2023-06-04T05:09:44.133Z'
}
{
  message: 'Example app listening on port 5000',
  level: 'info',
  label: 'PH',
  timestamp: '2023-06-04T05:09:44.144Z'
}
{
  message: 'Database connect successully',
  level: 'info',
  label: 'PH',
  timestamp: '2023-06-04T05:09:50.927Z'
}
{
  message: 'Example app listening on port 5000',
  level: 'info',
  label: 'PH',
  timestamp: '2023-06-04T05:09:50.939Z'
}
{
  message: 'Database connect successully',
  level: 'info',
  label: 'PH',
  timestamp: '2023-06-04T05:10:42.968Z'
}
{
  message: 'Example app listening on port 5000',
  level: 'info',
  label: 'PH',
  timestamp: '2023-06-04T05:10:42.980Z'
}
{
  message: 'Database connect successully',
  level: 'info',
  label: 'PH',
  timestamp: '2023-06-04T05:11:52.724Z'
}
{
  message: 'Example app listening on port 5000',
  level: 'info',
  label: 'PH',
  timestamp: '2023-06-04T05:11:52.737Z'
}
{
  message: 'Database connect successully',
  level: 'info',
  label: 'PH',
  timestamp: '2023-06-04T05:53:19.758Z'
}
{
  message: 'Example app listening on port 5000',
  level: 'info',
  label: 'PH',
  timestamp: '2023-06-04T05:53:19.770Z'
}
{
  message: 'Database connect successully',
  level: 'info',
  label: 'PH',
  timestamp: '2023-06-04T05:54:47.275Z'
}
{
  message: 'Example app listening on port 5000',
  level: 'info',
  label: 'PH',
  timestamp: '2023-06-04T05:54:47.292Z'
}
{
  message: 'Database connect successully',
  level: 'info',
  label: 'PH',
  timestamp: '2023-06-04T05:55:06.652Z'
}
{
  message: 'Example app listening on port 5000',
  level: 'info',
  label: 'PH',
  timestamp: '2023-06-04T05:55:06.664Z'
}
{
  message: 'Database connect successully',
  level: 'info',
  label: 'PH',
  timestamp: '2023-06-04T05:55:17.544Z'
}
{
  message: 'Example app listening on port 5000',
  level: 'info',
  label: 'PH',
  timestamp: '2023-06-04T05:55:17.554Z'
}
{
  message: 'Database connect successully',
  level: 'info',
  label: 'PH',
  timestamp: '2023-06-04T05:55:44.700Z'
}
{
  message: 'Example app listening on port 5000',
  level: 'info',
  label: 'PH',
  timestamp: '2023-06-04T05:55:44.725Z'
}
{
  message: 'Database connect successully',
  level: 'info',
  label: 'PH',
  timestamp: '2023-06-04T05:56:14.300Z'
}
{
  message: 'Example app listening on port 5000',
  level: 'info',
  label: 'PH',
  timestamp: '2023-06-04T05:56:14.311Z'
}
{
  message: 'Database connect successully',
  level: 'info',
  label: 'PH',
  timestamp: '2023-06-04T05:57:42.804Z'
}
{
  message: 'Example app listening on port 5000',
  level: 'info',
  label: 'PH',
  timestamp: '2023-06-04T05:57:42.818Z'
}
