{
  message: 'Database connect successully',
  level: 'info',
  label: 'PH',
  timestamp: '2023-06-04T04:04:17.238Z'
}
{
  message: 'Example app listening on port 5000',
  level: 'info',
  label: 'PH',
  timestamp: '2023-06-04T04:04:17.248Z'
}
{
  message: 'Database connect successully',
  level: 'info',
  label: 'PH',
  timestamp: '2023-06-04T04:08:12.217Z'
}
{
  message: 'Example app listening on port 5000',
  level: 'info',
  label: 'PH',
  timestamp: '2023-06-04T04:08:12.226Z'
}
{
  message: 'Database connect successully',
  level: 'info',
  label: 'PH',
  timestamp: '2023-06-04T04:08:31.420Z'
}
{
  message: 'Example app listening on port 5000',
  level: 'info',
  label: 'PH',
  timestamp: '2023-06-04T04:08:31.430Z'
}
{
  message: 'Database connect successully',
  level: 'info',
  label: 'PH',
  timestamp: '2023-06-04T04:08:49.456Z'
}
{
  message: 'Example app listening on port 5000',
  level: 'info',
  label: 'PH',
  timestamp: '2023-06-04T04:08:49.469Z'
}
{
  message: 'Database connect successully',
  level: 'info',
  label: 'PH',
  timestamp: '2023-06-04T04:09:05.970Z'
}
{
  message: 'Example app listening on port 5000',
  level: 'info',
  label: 'PH',
  timestamp: '2023-06-04T04:09:05.979Z'
}
{
  message: 'Database connect successully',
  level: 'info',
  label: 'PH',
  timestamp: '2023-06-04T04:09:28.106Z'
}
{
  message: 'Example app listening on port 5000',
  level: 'info',
  label: 'PH',
  timestamp: '2023-06-04T04:09:28.120Z'
}
{
  message: 'Database connect successully',
  level: 'info',
  label: 'PH',
  timestamp: '2023-06-04T04:09:51.432Z'
}
{
  message: 'Example app listening on port 5000',
  level: 'info',
  label: 'PH',
  timestamp: '2023-06-04T04:09:51.455Z'
}
{
  message: 'Database connect successully',
  level: 'info',
  label: 'PH',
  timestamp: '2023-06-04T04:10:05.815Z'
}
{
  message: 'Example app listening on port 5000',
  level: 'info',
  label: 'PH',
  timestamp: '2023-06-04T04:10:05.831Z'
}
{
  message: 'Database connect successully',
  level: 'info',
  label: 'PH',
  timestamp: '2023-06-04T04:11:03.030Z'
}
{
  message: 'Example app listening on port 5000',
  level: 'info',
  label: 'PH',
  timestamp: '2023-06-04T04:11:03.044Z'
}
{
  message: 'Database connect successully',
  level: 'info',
  label: 'PH',
  timestamp: '2023-06-04T04:11:44.681Z'
}
{
  message: 'Example app listening on port 5000',
  level: 'info',
  label: 'PH',
  timestamp: '2023-06-04T04:11:44.691Z'
}
{
  message: 'Database connect successully',
  level: 'info',
  label: 'PH',
  timestamp: '2023-06-04T04:49:09.329Z'
}
{
  message: 'Example app listening on port 5000',
  level: 'info',
  label: 'PH',
  timestamp: '2023-06-04T04:49:09.342Z'
}
{
  message: 'Database connect successully',
  level: 'info',
  label: 'PH',
  timestamp: '2023-06-04T04:50:58.871Z'
}
{
  message: 'Example app listening on port 5000',
  level: 'info',
  label: 'PH',
  timestamp: '2023-06-04T04:50:58.883Z'
}
{
  message: 'Database connect successully',
  level: 'info',
  label: 'PH',
  timestamp: '2023-06-04T04:59:28.935Z'
}
{
  message: 'Example app listening on port 5000',
  level: 'info',
  label: 'PH',
  timestamp: '2023-06-04T04:59:28.946Z'
}
