{
  message: 'Database connect successully',
  level: 'info',
  label: 'PH',
  timestamp: '2023-06-04T06:03:00.332Z'
}
{
  message: 'Example app listening on port 5000',
  level: 'info',
  label: 'PH',
  timestamp: '2023-06-04T06:03:00.342Z'
}
{
  message: 'Database connect successully',
  level: 'info',
  label: 'PH',
  timestamp: '2023-06-04T06:05:10.353Z'
}
{
  message: 'Example app listening on port 5000',
  level: 'info',
  label: 'PH',
  timestamp: '2023-06-04T06:05:10.365Z'
}
{
  message: 'Database connect successully',
  level: 'info',
  label: 'PH',
  timestamp: '2023-06-04T06:07:39.403Z'
}
{
  message: 'Example app listening on port 5000',
  level: 'info',
  label: 'PH',
  timestamp: '2023-06-04T06:07:39.417Z'
}
{
  message: 'Database connect successully',
  level: 'info',
  label: 'PH',
  timestamp: '2023-06-04T06:08:36.837Z'
}
{
  message: 'Example app listening on port 5000',
  level: 'info',
  label: 'PH',
  timestamp: '2023-06-04T06:08:36.850Z'
}
{
  message: 'Database connect successully',
  level: 'info',
  label: 'PH',
  timestamp: '2023-06-04T06:09:15.631Z'
}
{
  message: 'Example app listening on port 5000',
  level: 'info',
  label: 'PH',
  timestamp: '2023-06-04T06:09:15.643Z'
}
