{
  message: '🛢   Database is connected successfully',
  level: 'info',
  label: 'PH',
  timestamp: '2023-06-08T18:03:21.282Z'
}
{
  message: 'Application  listening on port 5000',
  level: 'info',
  label: 'PH',
  timestamp: '2023-06-08T18:03:21.299Z'
}
{
  message: '🛢   Database is connected successfully',
  level: 'info',
  label: 'PH',
  timestamp: '2023-06-08T18:14:47.927Z'
}
{
  message: 'Application  listening on port 5000',
  level: 'info',
  label: 'PH',
  timestamp: '2023-06-08T18:14:47.940Z'
}
{
  message: '🛢   Database is connected successfully',
  level: 'info',
  label: 'PH',
  timestamp: '2023-06-08T18:15:39.770Z'
}
{
  message: 'Application  listening on port 5000',
  level: 'info',
  label: 'PH',
  timestamp: '2023-06-08T18:15:39.786Z'
}
{
  message: '🛢   Database is connected successfully',
  level: 'info',
  label: 'PH',
  timestamp: '2023-06-08T18:15:54.724Z'
}
{
  message: 'Application  listening on port 5000',
  level: 'info',
  label: 'PH',
  timestamp: '2023-06-08T18:15:54.742Z'
}
{
  message: '🛢   Database is connected successfully',
  level: 'info',
  label: 'PH',
  timestamp: '2023-06-08T18:16:38.200Z'
}
{
  message: 'Application  listening on port 5000',
  level: 'info',
  label: 'PH',
  timestamp: '2023-06-08T18:16:38.213Z'
}
{
  message: '🛢   Database is connected successfully',
  level: 'info',
  label: 'PH',
  timestamp: '2023-06-08T18:17:54.908Z'
}
{
  message: 'Application  listening on port 5000',
  level: 'info',
  label: 'PH',
  timestamp: '2023-06-08T18:17:54.919Z'
}
{
  message: '🛢   Database is connected successfully',
  level: 'info',
  label: 'PH',
  timestamp: '2023-06-08T18:19:09.019Z'
}
{
  message: 'Application  listening on port 5000',
  level: 'info',
  label: 'PH',
  timestamp: '2023-06-08T18:19:09.035Z'
}
{
  message: '🛢   Database is connected successfully',
  level: 'info',
  label: 'PH',
  timestamp: '2023-06-08T18:19:53.075Z'
}
{
  message: 'Application  listening on port 5000',
  level: 'info',
  label: 'PH',
  timestamp: '2023-06-08T18:19:53.088Z'
}
{
  message: '🛢   Database is connected successfully',
  level: 'info',
  label: 'PH',
  timestamp: '2023-06-08T18:20:17.456Z'
}
{
  message: 'Application  listening on port 5000',
  level: 'info',
  label: 'PH',
  timestamp: '2023-06-08T18:20:17.466Z'
}
{
  message: '🛢   Database is connected successfully',
  level: 'info',
  label: 'PH',
  timestamp: '2023-06-08T18:21:31.666Z'
}
{
  message: 'Application  listening on port 5000',
  level: 'info',
  label: 'PH',
  timestamp: '2023-06-08T18:21:31.678Z'
}
{
  message: '🛢   Database is connected successfully',
  level: 'info',
  label: 'PH',
  timestamp: '2023-06-08T18:22:07.369Z'
}
{
  message: 'Application  listening on port 5000',
  level: 'info',
  label: 'PH',
  timestamp: '2023-06-08T18:22:07.382Z'
}
{
  message: '🛢   Database is connected successfully',
  level: 'info',
  label: 'PH',
  timestamp: '2023-06-08T18:22:24.758Z'
}
{
  message: 'Application  listening on port 5000',
  level: 'info',
  label: 'PH',
  timestamp: '2023-06-08T18:22:24.770Z'
}
{
  message: '🛢   Database is connected successfully',
  level: 'info',
  label: 'PH',
  timestamp: '2023-06-08T18:23:43.187Z'
}
{
  message: 'Application  listening on port 5000',
  level: 'info',
  label: 'PH',
  timestamp: '2023-06-08T18:23:43.199Z'
}
{
  message: '🛢   Database is connected successfully',
  level: 'info',
  label: 'PH',
  timestamp: '2023-06-08T18:24:58.651Z'
}
{
  message: 'Application  listening on port 5000',
  level: 'info',
  label: 'PH',
  timestamp: '2023-06-08T18:24:58.662Z'
}
{
  message: '🛢   Database is connected successfully',
  level: 'info',
  label: 'PH',
  timestamp: '2023-06-08T18:25:04.339Z'
}
{
  message: 'Application  listening on port 5000',
  level: 'info',
  label: 'PH',
  timestamp: '2023-06-08T18:25:04.356Z'
}
{
  message: '🛢   Database is connected successfully',
  level: 'info',
  label: 'PH',
  timestamp: '2023-06-08T18:30:32.531Z'
}
{
  message: 'Application  listening on port 5000',
  level: 'info',
  label: 'PH',
  timestamp: '2023-06-08T18:30:32.542Z'
}
{
  message: '🛢   Database is connected successfully',
  level: 'info',
  label: 'PH',
  timestamp: '2023-06-08T18:30:47.342Z'
}
{
  message: 'Application  listening on port 5000',
  level: 'info',
  label: 'PH',
  timestamp: '2023-06-08T18:30:47.353Z'
}
{
  message: '🛢   Database is connected successfully',
  level: 'info',
  label: 'PH',
  timestamp: '2023-06-08T18:31:03.894Z'
}
{
  message: 'Application  listening on port 5000',
  level: 'info',
  label: 'PH',
  timestamp: '2023-06-08T18:31:03.904Z'
}
{
  message: '🛢   Database is connected successfully',
  level: 'info',
  label: 'PH',
  timestamp: '2023-06-08T18:31:27.422Z'
}
{
  message: 'Application  listening on port 5000',
  level: 'info',
  label: 'PH',
  timestamp: '2023-06-08T18:31:27.437Z'
}
